#
# A fatal error has been detected by the Java Runtime Environment:
#
#  EXCEPTION_ACCESS_VIOLATION (0xc0000005) at pc=0x00007ffcec713004, pid=5448, tid=9348
#
# JRE version: OpenJDK Runtime Environment (24.0+36) (build 24+36-3646)
# Java VM: OpenJDK 64-Bit Server VM (24+36-3646, mixed mode, sharing, tiered, compressed oops, compressed class ptrs, g1 gc, windows-amd64)
# Problematic frame:
# C  [libasyncProfiler.dll+0x93004]
#
# No core dump will be written. Minidumps are not enabled by default on client versions of Windows
#
# JFR recording file will be written. Location: C:\Users\User\IdeaProjects\Task\hs_err_pid5448.jfr
#
# If you would like to submit a bug report, please visit:
#   https://bugreport.java.com/bugreport/crash.jsp
# The crash happened outside the Java Virtual Machine in native code.
# See problematic frame for where to report the bug.
#

---------------  S U M M A R Y ------------

Command Line: -javaagent:C:\Users\User\AppData\Local\JetBrains\IntelliJ IDEA 2024.3.5\lib\idea_rt.jar=51193 -Dfile.encoding=UTF-8 -Dsun.stdout.encoding=UTF-8 -Dsun.stderr.encoding=UTF-8 GPT_Task.Massive20

Host: AMD Ryzen 7 1700 Eight-Core Processor          , 16 cores, 15G,  Windows 11 , 64 bit Build 22621 (10.0.22621.5262)
Time: Tue Jun  3 23:30:23 2025  Windows 11 , 64 bit Build 22621 (10.0.22621.5262) elapsed time: 27.594052 seconds (0d 0h 0m 27s)

---------------  T H R E A D  ---------------

Current thread (0x00000250e4082dc0):  JavaThread "Attach Listener" daemon [_thread_in_native, id=9348, stack(0x000000774a300000,0x000000774a400000) (1024K)]

Stack: [0x000000774a300000,0x000000774a400000],  sp=0x000000774a3feb90,  free space=1018k
Native frames: (J=compiled Java code, j=interpreted, Vv=VM code, C=native code)
C  [libasyncProfiler.dll+0x93004]  (no source info available)
C  [libasyncProfiler.dll+0x934db]  (no source info available)
C  [libasyncProfiler.dll+0x92134]  (no source info available)
C  [libasyncProfiler.dll+0x929aa]  (no source info available)
C  [libasyncProfiler.dll+0x8d561]  (no source info available)
C  [libasyncProfiler.dll+0x7ef21]  (no source info available)
C  [libasyncProfiler.dll+0x7dc38]  (no source info available)
C  [libasyncProfiler.dll+0x7db20]  (no source info available)
C  [libasyncProfiler.dll+0x84af9]  (no source info available)
V  [jvm.dll+0x57f1b7]  (no source info available)
V  [jvm.dll+0x57ff2c]  (no source info available)
V  [jvm.dll+0x14c9b7]  (no source info available)
V  [jvm.dll+0x14df81]  (no source info available)
V  [jvm.dll+0x42f566]  (no source info available)
V  [jvm.dll+0x87d8fb]  (no source info available)
V  [jvm.dll+0x72efe5]  (no source info available)
C  [ucrtbase.dll+0x29333]  (no source info available)
C  [KERNEL32.DLL+0x1259d]  (no source info available)
C  [ntdll.dll+0x5af58]  (no source info available)


siginfo: EXCEPTION_ACCESS_VIOLATION (0xc0000005), reading address 0xffffffffffffffff


Registers:
RAX=0x0000000000000010, RBX=0x0000000000000000, RCX=0xffffffffffffffff, RDX=0x007ffc82692ff010
RSP=0x000000774a3feb90, RBP=0x000002512a2eaa10, RSI=0x000000774a3fed00, RDI=0x000002512a2eaa10
R8 =0x0000000000000042, R9 =0x0000000711201ee8, R10=0x00007ffc82909fc0, R11=0x0000000000000002
R12=0x000000774a3fed00, R13=0x000002512a829170, R14=0x00000250e4083188, R15=0x00000250e4083188
RIP=0x00007ffcec713004, EFLAGS=0x0000000000010202

XMM[0]=0x0000000000000000 0x0000000000000000
XMM[1]=0x0000000000000000 0x0000000000000000
XMM[2]=0x0000000000000000 0x0000000000000000
XMM[3]=0x0000000000000000 0x0000000000000000
XMM[4]=0x0000000000000000 0x0000000000000000
XMM[5]=0x0000000000000000 0x0000000000000000
XMM[6]=0x0000000000000000 0x0000000000000000
XMM[7]=0x0000000000000000 0x0000000000000000
XMM[8]=0x0000000000000000 0x0000000000000000
XMM[9]=0x0000000000000000 0x0000000000000000
XMM[10]=0x0000000000000000 0x0000000000000000
XMM[11]=0x0000000000000000 0x0000000000000000
XMM[12]=0x0000000000000000 0x0000000000000000
XMM[13]=0x0000000000000000 0x0000000000000000
XMM[14]=0x0000000000000000 0x0000000000000000
XMM[15]=0x0000000000000000 0x0000000000000000
  MXCSR=0x00001fa0


Register to memory mapping:

RAX=0x0000000000000010 is an unknown value
RBX=0x0 is null
RCX=0xffffffffffffffff is an unknown value
RDX=0x007ffc82692ff010 is an unknown value
RSP=0x000000774a3feb90 is pointing into the stack for thread: 0x00000250e4082dc0
RBP=0x000002512a2eaa10 points into unknown readable memory: 0x0000000711201ee8 | e8 1e 20 11 07 00 00 00
RSI=0x000000774a3fed00 is pointing into the stack for thread: 0x00000250e4082dc0
RDI=0x000002512a2eaa10 points into unknown readable memory: 0x0000000711201ee8 | e8 1e 20 11 07 00 00 00
R8 =0x0000000000000042 is an unknown value
R9 =0x0000000711201ee8 is an oop: java.lang.Thread 
{0x0000000711201ee8} - klass: 'java/lang/Thread' - flags: 

 - ---- fields (total size 14 words):
 - 'threadLocalRandomProbe' 'I' @12  0 (0x00000000)
 - private volatile 'eetop' 'J' @16  2545907036848 (0x00000250c3e272b0)
 - private final 'tid' 'J' @24  3 (0x0000000000000003)
 - 'threadLocalRandomSeed' 'J' @32  0 (0x0000000000000000)
 - injected 'jvmti_thread_state' 'J' @40  2547628812032 (0x000002512a82a700)
 - 'threadLocalRandomSecondarySeed' 'I' @48  0 (0x00000000)
 - injected 'jvmti_VTMS_transition_disable_count' 'I' @52  0 (0x00000000)
 - injected 'jfr_epoch' 'S' @56  0 (0x0000)
 - volatile 'interrupted' 'Z' @58  false (0x00)
 - injected 'jvmti_is_in_VTMS_transition' 'Z' @59  false (0x00)
 - private volatile 'name' 'Ljava/lang/String;' @60  "main"{0x0000000711201f58} (0xe22403eb)
 - private volatile 'contextClassLoader' 'Ljava/lang/ClassLoader;' @64  a 'jdk/internal/loader/ClassLoaders$AppClassLoader'{0x0000000711218298} (0xe2243053)
 - private final 'holder' 'Ljava/lang/Thread$FieldHolder;' @68  a 'java/lang/Thread$FieldHolder'{0x0000000711201f98} (0xe22403f3)
 - 'threadLocals' 'Ljava/lang/ThreadLocal$ThreadLocalMap;' @72  a 'java/lang/ThreadLocal$ThreadLocalMap'{0x0000000711135448} (0xe2226a89)
 - 'inheritableThreadLocals' 'Ljava/lang/ThreadLocal$ThreadLocalMap;' @76  null (0x00000000)
 - private 'scopedValueBindings' 'Ljava/lang/Object;' @80  a 'java/lang/Class'{0x00000007ffe7c280} = 'java/lang/Thread' (0xfffcf850)
 - final 'interruptLock' 'Ljava/lang/Object;' @84  a 'java/lang/Object'{0x0000000711201f88} (0xe22403f1)
 - private volatile 'parkBlocker' 'Ljava/lang/Object;' @88  null (0x00000000)
 - private 'nioBlocker' 'Lsun/nio/ch/Interruptible;' @92  null (0x00000000)
 - private 'cont' 'Ljdk/internal/vm/Continuation;' @96  null (0x00000000)
 - private volatile 'uncaughtExceptionHandler' 'Ljava/lang/Thread$UncaughtExceptionHandler;' @100  null (0x00000000)
 - private 'container' 'Ljdk/internal/vm/ThreadContainer;' @104  null (0x00000000)
 - private volatile 'headStackableScopes' 'Ljdk/internal/vm/StackableScope;' @108  null (0x00000000)
R10=0x00007ffc82909fc0 jvm.dll
R11=0x0000000000000002 is an unknown value
R12=0x000000774a3fed00 is pointing into the stack for thread: 0x00000250e4082dc0
R13=0x000002512a829170 points into unknown readable memory: 0x00007ffc8287a510 | 10 a5 87 82 fc 7f 00 00
R14=0x00000250e4083188 points into unknown readable memory: 0x00007ffc828717b0 | b0 17 87 82 fc 7f 00 00
R15=0x00000250e4083188 points into unknown readable memory: 0x00007ffc828717b0 | b0 17 87 82 fc 7f 00 00

Top of Stack: (sp=0x000000774a3feb90)
0x000000774a3feb90:   000000774a3fed00 000002512a2eaa10   ..?Jw......*Q...
0x000000774a3feba0:   0000000000000000 00000250e4085910   .........Y..P...
0x000000774a3febb0:   0000000000000023 00007ffcec7134db   #........4q.....
0x000000774a3febc0:   0000000000000000 00000250e4083188   .........1..P...
0x000000774a3febd0:   000000774a3fed01 0000000000000000   ..?Jw...........
0x000000774a3febe0:   000002512aa175c0 00007ffcec712134   .u.*Q...4!q.....
0x000000774a3febf0:   0000000000000000 0000000000000023   ........#.......
0x000000774a3fec00:   0000000000000000 0000000000000023   ........#.......
0x000000774a3fec10:   0000000ee4d37040 000002512a5f0a40   @p......@._*Q...
0x000000774a3fec20:   000002512aa175c0 000002512aa1764c   .u.*Q...Lv.*Q...
0x000000774a3fec30:   000002512aa17668 0000000000001498   hv.*Q...........
0x000000774a3fec40:   0000000000000000 0000000000000000   ................
0x000000774a3fec50:   0000000000000000 00007ffc820d58e4   .........X......
0x000000774a3fec60:   00007ffcec86ae00 0000000000001548   ........H.......
0x000000774a3fec70:   00007ffcec86ae00 00000000ffffffff   ................
0x000000774a3fec80:   0000000000000000 00007ffcec7129aa   .........)q.....
0x000000774a3fec90:   00000250e4083188 0000000000000000   .1..P...........
0x000000774a3feca0:   000000774a3fed09 000002512a829170   ..?Jw...p..*Q...
0x000000774a3fecb0:   0000000000000003 0000000000000048   ........H.......
0x000000774a3fecc0:   0000000800800310 0000000000000020   ........ .......
0x000000774a3fecd0:   00000250e4083188 00007ffcec86ae00   .1..P...........
0x000000774a3fece0:   00000250e4087e60 000002512a82a700   `~..P......*Q...
0x000000774a3fecf0:   0000000800800390 00000250e4083188   .........1..P...
0x000000774a3fed00:   000002512c229aa0 000002512c229f00   ..",Q.....",Q...
0x000000774a3fed10:   000002512c229f00 00007ffcec86ae00   ..",Q...........
0x000000774a3fed20:   000002512c24e8e0 00000250c1a90000   ..$,Q.......P...
0x000000774a3fed30:   000000774a3fefd0 0000000000008840   ..?Jw...@.......
0x000000774a3fed40:   000000774a3ff1b0 00007ffcec86ae50   ..?Jw...P.......
0x000000774a3fed50:   0000000000989680 0000000000989680   ................
0x000000774a3fed60:   000000774a3fee70 00007ffcec70d561   p.?Jw...a.p.....
0x000000774a3fed70:   00007ffcec86ae00 00007ffcec86ae58   ........X.......
0x000000774a3fed80:   00007ffc00000000 00007ffc00000001   ................

Instructions: (pc=0x00007ffcec713004)
  0x00007ffcec712f04:   cc cc cc cc cc cc cc cc cc cc cc cc cc cc cc cc
  0x00007ffcec712f14:   cc cc cc cc cc cc cc cc cc cc cc cc cc cc cc cc
  0x00007ffcec712f24:   cc cc cc cc cc cc cc cc cc cc cc cc cc cc cc cc
  0x00007ffcec712f34:   cc cc cc cc cc cc cc cc cc cc cc cc cc cc cc cc
  0x00007ffcec712f44:   cc cc cc cc cc cc cc cc cc cc cc cc cc cc cc cc
  0x00007ffcec712f54:   cc cc cc cc cc cc cc cc cc cc cc cc cc cc cc cc
  0x00007ffcec712f64:   cc cc cc cc cc cc cc cc cc cc cc cc cc cc cc cc
  0x00007ffcec712f74:   cc cc cc cc cc cc cc cc cc cc cc cc cc cc cc cc
  0x00007ffcec712f84:   cc cc cc cc cc cc cc cc cc cc cc cc 40 57 48 83
  0x00007ffcec712f94:   ec 20 48 8b f9 48 8b 0d 30 80 15 00 48 85 c9 74
  0x00007ffcec712fa4:   20 48 8b 01 48 8d 54 24 38 41 b8 06 00 01 00 4c
  0x00007ffcec712fb4:   8b 48 30 41 ff d1 85 c0 75 07 48 8b 4c 24 38 eb
  0x00007ffcec712fc4:   02 33 c9 4c 8b 05 0a 81 15 00 48 89 5c 24 30 4d
  0x00007ffcec712fd4:   85 c0 74 4a 48 8b 01 48 8b d7 4c 8b 88 28 03 00
  0x00007ffcec712fe4:   00 41 ff d1 48 85 c0 74 35 48 63 0d b8 3d 15 00
  0x00007ffcec712ff4:   48 8b 14 01 48 85 d2 74 15 48 63 05 bc 3d 15 00
=>0x00007ffcec713004:   8b 04 10 48 8b 5c 24 30 48 83 c4 20 5f c3 b8 ff
  0x00007ffcec713014:   ff ff ff 48 8b 5c 24 30 48 83 c4 20 5f c3 80 3d
  0x00007ffcec713024:   bb 7f 15 00 00 bb ff ff ff ff 74 20 4c 8b 0d 51
  0x00007ffcec713034:   7c 15 00 4c 8d 44 24 38 48 8b 0d 35 7c 15 00 48
  0x00007ffcec713044:   8b d7 41 ff d1 85 c0 0f 44 5c 24 38 8b c3 48 8b
  0x00007ffcec713054:   5c 24 30 48 83 c4 20 5f c3 cc cc cc cc cc cc cc
  0x00007ffcec713064:   cc cc cc cc cc cc cc cc cc cc cc cc cc cc cc cc
  0x00007ffcec713074:   cc cc cc cc cc cc cc cc cc cc cc cc cc cc cc cc
  0x00007ffcec713084:   cc cc cc cc cc cc cc cc cc cc cc cc 48 89 54 24
  0x00007ffcec713094:   10 53 55 56 57 41 56 41 57 48 83 ec 28 48 8b f2
  0x00007ffcec7130a4:   4c 8b f1 48 89 4c 24 78 45 33 ff 44 89 7c 24 68
  0x00007ffcec7130b4:   c7 44 24 60 01 00 00 00 48 8d 4c 24 68 e8 69 3c
  0x00007ffcec7130c4:   f7 ff 8b d8 48 8d 4c 24 60 e8 5d 3c f7 ff 8b e8
  0x00007ffcec7130d4:   49 8b ce e8 33 f3 f6 ff 48 8b f8 90 8b c3 f0 0f
  0x00007ffcec7130e4:   b1 2f 74 04 f3 90 eb f4 4c 89 3e 4c 89 7e 08 4c
  0x00007ffcec7130f4:   89 7e 10 49 8b 6e 08 4d 8b 76 10 49 3b ee 0f 84


Stack slot to memory mapping:

stack at sp + 0 slots: 0x000000774a3fed00 is pointing into the stack for thread: 0x00000250e4082dc0
stack at sp + 1 slots: 0x000002512a2eaa10 points into unknown readable memory: 0x0000000711201ee8 | e8 1e 20 11 07 00 00 00
stack at sp + 2 slots: 0x0 is null
stack at sp + 3 slots: 0x00000250e4085910 points into unknown readable memory: 0x6e616c2e6176616a | 6a 61 76 61 2e 6c 61 6e
stack at sp + 4 slots: 0x0000000000000023 is an unknown value
stack at sp + 5 slots: 0x00007ffcec7134db libasyncProfiler.dll
stack at sp + 6 slots: 0x0 is null
stack at sp + 7 slots: 0x00000250e4083188 points into unknown readable memory: 0x00007ffc828717b0 | b0 17 87 82 fc 7f 00 00

Lock stack of current Java thread (top to bottom):


---------------  P R O C E S S  ---------------

Threads class SMR info:
_java_thread_list=0x000002512b79ef90, length=24, elements={
0x00000250c3e272b0, 0x00000250e407a070, 0x00000250e407abb0, 0x00000250e407e920,
0x00000250e4082dc0, 0x00000250e4081f20, 0x00000250e4080930, 0x00000250e4096140,
0x00000250e40d0090, 0x00000250e4081080, 0x00000250e4083510, 0x00000250e40817d0,
0x00000250e4082670, 0x00000250e4083c60, 0x000002512a5afd40, 0x000002512a5ad160,
0x00000250e436e870, 0x000002512a5ac2c0, 0x00000250e43715d0, 0x00000250e43706b0,
0x00000250e4371d60, 0x00000250e4370e40, 0x00000250e436f000, 0x000002512a5ae000
}

Java Threads: ( => current thread )
  0x00000250c3e272b0 JavaThread "main"                              [_thread_in_Java, id=14632, stack(0x0000007749800000,0x0000007749900000) (1024K)]
  0x00000250e407a070 JavaThread "Reference Handler"          daemon [_thread_blocked, id=7376, stack(0x000000774a000000,0x000000774a100000) (1024K)]
  0x00000250e407abb0 JavaThread "Finalizer"                  daemon [_thread_blocked, id=7308, stack(0x000000774a100000,0x000000774a200000) (1024K)]
  0x00000250e407e920 JavaThread "Signal Dispatcher"          daemon [_thread_blocked, id=13892, stack(0x000000774a200000,0x000000774a300000) (1024K)]
=>0x00000250e4082dc0 JavaThread "Attach Listener"            daemon [_thread_in_native, id=9348, stack(0x000000774a300000,0x000000774a400000) (1024K)]
  0x00000250e4081f20 JavaThread "Service Thread"             daemon [_thread_blocked, id=12968, stack(0x000000774a400000,0x000000774a500000) (1024K)]
  0x00000250e4080930 JavaThread "Monitor Deflation Thread"   daemon [_thread_blocked, id=5916, stack(0x000000774a500000,0x000000774a600000) (1024K)]
  0x00000250e4096140 JavaThread "C2 CompilerThread0"         daemon [_thread_blocked, id=13112, stack(0x000000774a600000,0x000000774a700000) (1024K)]
  0x00000250e40d0090 JavaThread "C1 CompilerThread0"         daemon [_thread_blocked, id=15292, stack(0x000000774a700000,0x000000774a800000) (1024K)]
  0x00000250e4081080 JavaThread "Common-Cleaner"             daemon [_thread_blocked, id=5668, stack(0x000000774a800000,0x000000774a900000) (1024K)]
  0x00000250e4083510 JavaThread "Monitor Ctrl-Break"         daemon [_thread_in_native, id=13524, stack(0x000000774ac00000,0x000000774ad00000) (1024K)]
  0x00000250e40817d0 JavaThread "Notification Thread"        daemon [_thread_blocked, id=5444, stack(0x000000774ad00000,0x000000774ae00000) (1024K)]
  0x00000250e4082670 JavaThread "RMI TCP Accept-0"           daemon [_thread_in_native, id=5080, stack(0x000000774b100000,0x000000774b200000) (1024K)]
  0x00000250e4083c60 JavaThread "RMI TCP Connection(1)-192.168.0.163" daemon [_thread_in_native, id=10792, stack(0x000000774b200000,0x000000774b300000) (1024K)]
  0x000002512a5afd40 JavaThread "RMI Scheduler(0)"           daemon [_thread_blocked, id=15148, stack(0x000000774b300000,0x000000774b400000) (1024K)]
  0x000002512a5ad160 JavaThread "JMX server connection timeout 40" daemon [_thread_blocked, id=5900, stack(0x000000774b400000,0x000000774b500000) (1024K)]
  0x00000250e436e870 JavaThread "C2 CompilerThread1"         daemon [_thread_blocked, id=14812, stack(0x000000774a900000,0x000000774aa00000) (1024K)]
  0x000002512a5ac2c0 JavaThread "JFR Recorder Thread"        daemon [_thread_in_native, id=1748, stack(0x000000774aa00000,0x000000774ab00000) (1024K)]
  0x00000250e43715d0 JavaThread "C1 CompilerThread1"         daemon [_thread_blocked, id=15128, stack(0x000000774ab00000,0x000000774ac00000) (1024K)]
  0x00000250e43706b0 JavaThread "C1 CompilerThread2"         daemon [_thread_blocked, id=9284, stack(0x000000774ae00000,0x000000774af00000) (1024K)]
  0x00000250e4371d60 JavaThread "C2 CompilerThread2"         daemon [_thread_blocked, id=14856, stack(0x000000774af00000,0x000000774b000000) (1024K)]
  0x00000250e4370e40 JavaThread "C2 CompilerThread3"         daemon [_thread_blocked, id=14584, stack(0x000000774b000000,0x000000774b100000) (1024K)]
  0x00000250e436f000 JavaThread "C2 CompilerThread4"         daemon [_thread_blocked, id=7928, stack(0x000000774b500000,0x000000774b600000) (1024K)]
  0x000002512a5ae000 JavaThread "JFR Periodic Tasks"         daemon [_thread_blocked, id=5272, stack(0x000000774b600000,0x000000774b700000) (1024K)]
Total: 24

Other Threads:
  0x00000250e406a800 VMThread "VM Thread"                           [id=10244, stack(0x0000007749f00000,0x000000774a000000) (1024K)]
  0x00000250e3f39040 WatcherThread "VM Periodic Task Thread"        [id=7312, stack(0x0000007749e00000,0x0000007749f00000) (1024K)]
  0x00000250c3e92a60 WorkerThread "GC Thread#0"                     [id=4480, stack(0x0000007749900000,0x0000007749a00000) (1024K)]
  0x00000250c3ea7aa0 ConcurrentGCThread "G1 Main Marker"            [id=2196, stack(0x0000007749a00000,0x0000007749b00000) (1024K)]
  0x00000250c3ea8d50 WorkerThread "G1 Conc#0"                       [id=12208, stack(0x0000007749b00000,0x0000007749c00000) (1024K)]
  0x00000250e3f2d4c0 ConcurrentGCThread "G1 Refine#0"               [id=5896, stack(0x0000007749c00000,0x0000007749d00000) (1024K)]
  0x00000250e3f2de50 ConcurrentGCThread "G1 Service"                [id=10724, stack(0x0000007749d00000,0x0000007749e00000) (1024K)]
Total: 7

Threads with active compile tasks:
Total: 0

VM state: not at safepoint (normal execution)

VM Mutex/Monitor currently owned by a thread: None

Heap address: 0x0000000701400000, size: 4076 MB, Compressed Oops mode: Zero based, Oop shift amount: 3

CDS archive(s) mapped at: [0x00000250e5000000-0x00000250e5d40000-0x00000250e5d40000), size 13893632, SharedBaseAddress: 0x00000250e5000000, ArchiveRelocationMode: 1.
Compressed class space mapped at: 0x00000250e6000000-0x0000025126000000, reserved size: 1073741824
UseCompressedClassPointers 1, UseCompactObjectHeaders 0
Narrow klass pointer bits 32, Max shift 3
Narrow klass base: 0x00000250e5000000, Narrow klass shift: 0
Encoding Range: [0x00000250e5000000 - 0x00000251e5000000), (4294967296 bytes)
Klass Range:    [0x00000250e5000000 - 0x0000025126000000), (1090519040 bytes)
Klass ID Range:  [8 - 1090519033) (1090519025)

GC Precious Log:
 CardTable entry size: 512
 Card Set container configuration: InlinePtr #cards 4 size 8 Array Of Cards #cards 16 size 48 Howl #buckets 8 coarsen threshold 3686 Howl Bitmap #cards 512 size 80 coarsen threshold 460 Card regions per heap region 1 cards per card region 4096
 CPUs: 16 total, 16 available
 Memory: 16296M
 Large Page Support: Disabled
 NUMA Support: Disabled
 Compressed Oops: Enabled (Zero based)
 Heap Region Size: 2M
 Heap Min Capacity: 8M
 Heap Initial Capacity: 256M
 Heap Max Capacity: 4076M
 Pre-touch: Disabled
 Parallel Workers: 13
 Concurrent Workers: 3
 Concurrent Refinement Workers: 13
 Periodic GC: Disabled

Heap:
 garbage-first heap   total reserved 4173824K, committed 264192K, used 31856K [0x0000000701400000, 0x0000000800000000)
  region size 2048K, 16 young (32768K), 0 survivors (0K)
 Metaspace       used 7819K, committed 8064K, reserved 1114112K
  class space    used 713K, committed 832K, reserved 1048576K

Heap Regions: E=young(eden), S=young(survivor), O=old, HS=humongous(starts), HC=humongous(continues), CS=collection set, F=free, TAMS=top-at-mark-start, PB=parsable bottom
|   0|0x0000000701400000, 0x0000000701400000, 0x0000000701600000|  0%| F|  |TAMS 0x0000000701400000| PB 0x0000000701400000| Untracked |  0
|   1|0x0000000701600000, 0x0000000701600000, 0x0000000701800000|  0%| F|  |TAMS 0x0000000701600000| PB 0x0000000701600000| Untracked |  0
|   2|0x0000000701800000, 0x0000000701800000, 0x0000000701a00000|  0%| F|  |TAMS 0x0000000701800000| PB 0x0000000701800000| Untracked |  0
|   3|0x0000000701a00000, 0x0000000701a00000, 0x0000000701c00000|  0%| F|  |TAMS 0x0000000701a00000| PB 0x0000000701a00000| Untracked |  0
|   4|0x0000000701c00000, 0x0000000701c00000, 0x0000000701e00000|  0%| F|  |TAMS 0x0000000701c00000| PB 0x0000000701c00000| Untracked |  0
|   5|0x0000000701e00000, 0x0000000701e00000, 0x0000000702000000|  0%| F|  |TAMS 0x0000000701e00000| PB 0x0000000701e00000| Untracked |  0
|   6|0x0000000702000000, 0x0000000702000000, 0x0000000702200000|  0%| F|  |TAMS 0x0000000702000000| PB 0x0000000702000000| Untracked |  0
|   7|0x0000000702200000, 0x0000000702200000, 0x0000000702400000|  0%| F|  |TAMS 0x0000000702200000| PB 0x0000000702200000| Untracked |  0
|   8|0x0000000702400000, 0x0000000702400000, 0x0000000702600000|  0%| F|  |TAMS 0x0000000702400000| PB 0x0000000702400000| Untracked |  0
|   9|0x0000000702600000, 0x0000000702600000, 0x0000000702800000|  0%| F|  |TAMS 0x0000000702600000| PB 0x0000000702600000| Untracked |  0
|  10|0x0000000702800000, 0x0000000702800000, 0x0000000702a00000|  0%| F|  |TAMS 0x0000000702800000| PB 0x0000000702800000| Untracked |  0
|  11|0x0000000702a00000, 0x0000000702a00000, 0x0000000702c00000|  0%| F|  |TAMS 0x0000000702a00000| PB 0x0000000702a00000| Untracked |  0
|  12|0x0000000702c00000, 0x0000000702c00000, 0x0000000702e00000|  0%| F|  |TAMS 0x0000000702c00000| PB 0x0000000702c00000| Untracked |  0
|  13|0x0000000702e00000, 0x0000000702e00000, 0x0000000703000000|  0%| F|  |TAMS 0x0000000702e00000| PB 0x0000000702e00000| Untracked |  0
|  14|0x0000000703000000, 0x0000000703000000, 0x0000000703200000|  0%| F|  |TAMS 0x0000000703000000| PB 0x0000000703000000| Untracked |  0
|  15|0x0000000703200000, 0x0000000703200000, 0x0000000703400000|  0%| F|  |TAMS 0x0000000703200000| PB 0x0000000703200000| Untracked |  0
|  16|0x0000000703400000, 0x0000000703400000, 0x0000000703600000|  0%| F|  |TAMS 0x0000000703400000| PB 0x0000000703400000| Untracked |  0
|  17|0x0000000703600000, 0x0000000703600000, 0x0000000703800000|  0%| F|  |TAMS 0x0000000703600000| PB 0x0000000703600000| Untracked |  0
|  18|0x0000000703800000, 0x0000000703800000, 0x0000000703a00000|  0%| F|  |TAMS 0x0000000703800000| PB 0x0000000703800000| Untracked |  0
|  19|0x0000000703a00000, 0x0000000703a00000, 0x0000000703c00000|  0%| F|  |TAMS 0x0000000703a00000| PB 0x0000000703a00000| Untracked |  0
|  20|0x0000000703c00000, 0x0000000703c00000, 0x0000000703e00000|  0%| F|  |TAMS 0x0000000703c00000| PB 0x0000000703c00000| Untracked |  0
|  21|0x0000000703e00000, 0x0000000703e00000, 0x0000000704000000|  0%| F|  |TAMS 0x0000000703e00000| PB 0x0000000703e00000| Untracked |  0
|  22|0x0000000704000000, 0x0000000704000000, 0x0000000704200000|  0%| F|  |TAMS 0x0000000704000000| PB 0x0000000704000000| Untracked |  0
|  23|0x0000000704200000, 0x0000000704200000, 0x0000000704400000|  0%| F|  |TAMS 0x0000000704200000| PB 0x0000000704200000| Untracked |  0
|  24|0x0000000704400000, 0x0000000704400000, 0x0000000704600000|  0%| F|  |TAMS 0x0000000704400000| PB 0x0000000704400000| Untracked |  0
|  25|0x0000000704600000, 0x0000000704600000, 0x0000000704800000|  0%| F|  |TAMS 0x0000000704600000| PB 0x0000000704600000| Untracked |  0
|  26|0x0000000704800000, 0x0000000704800000, 0x0000000704a00000|  0%| F|  |TAMS 0x0000000704800000| PB 0x0000000704800000| Untracked |  0
|  27|0x0000000704a00000, 0x0000000704a00000, 0x0000000704c00000|  0%| F|  |TAMS 0x0000000704a00000| PB 0x0000000704a00000| Untracked |  0
|  28|0x0000000704c00000, 0x0000000704c00000, 0x0000000704e00000|  0%| F|  |TAMS 0x0000000704c00000| PB 0x0000000704c00000| Untracked |  0
|  29|0x0000000704e00000, 0x0000000704e00000, 0x0000000705000000|  0%| F|  |TAMS 0x0000000704e00000| PB 0x0000000704e00000| Untracked |  0
|  30|0x0000000705000000, 0x0000000705000000, 0x0000000705200000|  0%| F|  |TAMS 0x0000000705000000| PB 0x0000000705000000| Untracked |  0
|  31|0x0000000705200000, 0x0000000705200000, 0x0000000705400000|  0%| F|  |TAMS 0x0000000705200000| PB 0x0000000705200000| Untracked |  0
|  32|0x0000000705400000, 0x0000000705400000, 0x0000000705600000|  0%| F|  |TAMS 0x0000000705400000| PB 0x0000000705400000| Untracked |  0
|  33|0x0000000705600000, 0x0000000705600000, 0x0000000705800000|  0%| F|  |TAMS 0x0000000705600000| PB 0x0000000705600000| Untracked |  0
|  34|0x0000000705800000, 0x0000000705800000, 0x0000000705a00000|  0%| F|  |TAMS 0x0000000705800000| PB 0x0000000705800000| Untracked |  0
|  35|0x0000000705a00000, 0x0000000705a00000, 0x0000000705c00000|  0%| F|  |TAMS 0x0000000705a00000| PB 0x0000000705a00000| Untracked |  0
|  36|0x0000000705c00000, 0x0000000705c00000, 0x0000000705e00000|  0%| F|  |TAMS 0x0000000705c00000| PB 0x0000000705c00000| Untracked |  0
|  37|0x0000000705e00000, 0x0000000705e00000, 0x0000000706000000|  0%| F|  |TAMS 0x0000000705e00000| PB 0x0000000705e00000| Untracked |  0
|  38|0x0000000706000000, 0x0000000706000000, 0x0000000706200000|  0%| F|  |TAMS 0x0000000706000000| PB 0x0000000706000000| Untracked |  0
|  39|0x0000000706200000, 0x0000000706200000, 0x0000000706400000|  0%| F|  |TAMS 0x0000000706200000| PB 0x0000000706200000| Untracked |  0
|  40|0x0000000706400000, 0x0000000706400000, 0x0000000706600000|  0%| F|  |TAMS 0x0000000706400000| PB 0x0000000706400000| Untracked |  0
|  41|0x0000000706600000, 0x0000000706600000, 0x0000000706800000|  0%| F|  |TAMS 0x0000000706600000| PB 0x0000000706600000| Untracked |  0
|  42|0x0000000706800000, 0x0000000706800000, 0x0000000706a00000|  0%| F|  |TAMS 0x0000000706800000| PB 0x0000000706800000| Untracked |  0
|  43|0x0000000706a00000, 0x0000000706a00000, 0x0000000706c00000|  0%| F|  |TAMS 0x0000000706a00000| PB 0x0000000706a00000| Untracked |  0
|  44|0x0000000706c00000, 0x0000000706c00000, 0x0000000706e00000|  0%| F|  |TAMS 0x0000000706c00000| PB 0x0000000706c00000| Untracked |  0
|  45|0x0000000706e00000, 0x0000000706e00000, 0x0000000707000000|  0%| F|  |TAMS 0x0000000706e00000| PB 0x0000000706e00000| Untracked |  0
|  46|0x0000000707000000, 0x0000000707000000, 0x0000000707200000|  0%| F|  |TAMS 0x0000000707000000| PB 0x0000000707000000| Untracked |  0
|  47|0x0000000707200000, 0x0000000707200000, 0x0000000707400000|  0%| F|  |TAMS 0x0000000707200000| PB 0x0000000707200000| Untracked |  0
|  48|0x0000000707400000, 0x0000000707400000, 0x0000000707600000|  0%| F|  |TAMS 0x0000000707400000| PB 0x0000000707400000| Untracked |  0
|  49|0x0000000707600000, 0x0000000707600000, 0x0000000707800000|  0%| F|  |TAMS 0x0000000707600000| PB 0x0000000707600000| Untracked |  0
|  50|0x0000000707800000, 0x0000000707800000, 0x0000000707a00000|  0%| F|  |TAMS 0x0000000707800000| PB 0x0000000707800000| Untracked |  0
|  51|0x0000000707a00000, 0x0000000707a00000, 0x0000000707c00000|  0%| F|  |TAMS 0x0000000707a00000| PB 0x0000000707a00000| Untracked |  0
|  52|0x0000000707c00000, 0x0000000707c00000, 0x0000000707e00000|  0%| F|  |TAMS 0x0000000707c00000| PB 0x0000000707c00000| Untracked |  0
|  53|0x0000000707e00000, 0x0000000707e00000, 0x0000000708000000|  0%| F|  |TAMS 0x0000000707e00000| PB 0x0000000707e00000| Untracked |  0
|  54|0x0000000708000000, 0x0000000708000000, 0x0000000708200000|  0%| F|  |TAMS 0x0000000708000000| PB 0x0000000708000000| Untracked |  0
|  55|0x0000000708200000, 0x0000000708200000, 0x0000000708400000|  0%| F|  |TAMS 0x0000000708200000| PB 0x0000000708200000| Untracked |  0
|  56|0x0000000708400000, 0x0000000708400000, 0x0000000708600000|  0%| F|  |TAMS 0x0000000708400000| PB 0x0000000708400000| Untracked |  0
|  57|0x0000000708600000, 0x0000000708600000, 0x0000000708800000|  0%| F|  |TAMS 0x0000000708600000| PB 0x0000000708600000| Untracked |  0
|  58|0x0000000708800000, 0x0000000708800000, 0x0000000708a00000|  0%| F|  |TAMS 0x0000000708800000| PB 0x0000000708800000| Untracked |  0
|  59|0x0000000708a00000, 0x0000000708a00000, 0x0000000708c00000|  0%| F|  |TAMS 0x0000000708a00000| PB 0x0000000708a00000| Untracked |  0
|  60|0x0000000708c00000, 0x0000000708c00000, 0x0000000708e00000|  0%| F|  |TAMS 0x0000000708c00000| PB 0x0000000708c00000| Untracked |  0
|  61|0x0000000708e00000, 0x0000000708e00000, 0x0000000709000000|  0%| F|  |TAMS 0x0000000708e00000| PB 0x0000000708e00000| Untracked |  0
|  62|0x0000000709000000, 0x0000000709000000, 0x0000000709200000|  0%| F|  |TAMS 0x0000000709000000| PB 0x0000000709000000| Untracked |  0
|  63|0x0000000709200000, 0x0000000709200000, 0x0000000709400000|  0%| F|  |TAMS 0x0000000709200000| PB 0x0000000709200000| Untracked |  0
|  64|0x0000000709400000, 0x0000000709400000, 0x0000000709600000|  0%| F|  |TAMS 0x0000000709400000| PB 0x0000000709400000| Untracked |  0
|  65|0x0000000709600000, 0x0000000709600000, 0x0000000709800000|  0%| F|  |TAMS 0x0000000709600000| PB 0x0000000709600000| Untracked |  0
|  66|0x0000000709800000, 0x0000000709800000, 0x0000000709a00000|  0%| F|  |TAMS 0x0000000709800000| PB 0x0000000709800000| Untracked |  0
|  67|0x0000000709a00000, 0x0000000709a00000, 0x0000000709c00000|  0%| F|  |TAMS 0x0000000709a00000| PB 0x0000000709a00000| Untracked |  0
|  68|0x0000000709c00000, 0x0000000709c00000, 0x0000000709e00000|  0%| F|  |TAMS 0x0000000709c00000| PB 0x0000000709c00000| Untracked |  0
|  69|0x0000000709e00000, 0x0000000709e00000, 0x000000070a000000|  0%| F|  |TAMS 0x0000000709e00000| PB 0x0000000709e00000| Untracked |  0
|  70|0x000000070a000000, 0x000000070a000000, 0x000000070a200000|  0%| F|  |TAMS 0x000000070a000000| PB 0x000000070a000000| Untracked |  0
|  71|0x000000070a200000, 0x000000070a200000, 0x000000070a400000|  0%| F|  |TAMS 0x000000070a200000| PB 0x000000070a200000| Untracked |  0
|  72|0x000000070a400000, 0x000000070a400000, 0x000000070a600000|  0%| F|  |TAMS 0x000000070a400000| PB 0x000000070a400000| Untracked |  0
|  73|0x000000070a600000, 0x000000070a600000, 0x000000070a800000|  0%| F|  |TAMS 0x000000070a600000| PB 0x000000070a600000| Untracked |  0
|  74|0x000000070a800000, 0x000000070a800000, 0x000000070aa00000|  0%| F|  |TAMS 0x000000070a800000| PB 0x000000070a800000| Untracked |  0
|  75|0x000000070aa00000, 0x000000070aa00000, 0x000000070ac00000|  0%| F|  |TAMS 0x000000070aa00000| PB 0x000000070aa00000| Untracked |  0
|  76|0x000000070ac00000, 0x000000070ac00000, 0x000000070ae00000|  0%| F|  |TAMS 0x000000070ac00000| PB 0x000000070ac00000| Untracked |  0
|  77|0x000000070ae00000, 0x000000070ae00000, 0x000000070b000000|  0%| F|  |TAMS 0x000000070ae00000| PB 0x000000070ae00000| Untracked |  0
|  78|0x000000070b000000, 0x000000070b000000, 0x000000070b200000|  0%| F|  |TAMS 0x000000070b000000| PB 0x000000070b000000| Untracked |  0
|  79|0x000000070b200000, 0x000000070b200000, 0x000000070b400000|  0%| F|  |TAMS 0x000000070b200000| PB 0x000000070b200000| Untracked |  0
|  80|0x000000070b400000, 0x000000070b400000, 0x000000070b600000|  0%| F|  |TAMS 0x000000070b400000| PB 0x000000070b400000| Untracked |  0
|  81|0x000000070b600000, 0x000000070b600000, 0x000000070b800000|  0%| F|  |TAMS 0x000000070b600000| PB 0x000000070b600000| Untracked |  0
|  82|0x000000070b800000, 0x000000070b800000, 0x000000070ba00000|  0%| F|  |TAMS 0x000000070b800000| PB 0x000000070b800000| Untracked |  0
|  83|0x000000070ba00000, 0x000000070ba00000, 0x000000070bc00000|  0%| F|  |TAMS 0x000000070ba00000| PB 0x000000070ba00000| Untracked |  0
|  84|0x000000070bc00000, 0x000000070bc00000, 0x000000070be00000|  0%| F|  |TAMS 0x000000070bc00000| PB 0x000000070bc00000| Untracked |  0
|  85|0x000000070be00000, 0x000000070be00000, 0x000000070c000000|  0%| F|  |TAMS 0x000000070be00000| PB 0x000000070be00000| Untracked |  0
|  86|0x000000070c000000, 0x000000070c000000, 0x000000070c200000|  0%| F|  |TAMS 0x000000070c000000| PB 0x000000070c000000| Untracked |  0
|  87|0x000000070c200000, 0x000000070c200000, 0x000000070c400000|  0%| F|  |TAMS 0x000000070c200000| PB 0x000000070c200000| Untracked |  0
|  88|0x000000070c400000, 0x000000070c400000, 0x000000070c600000|  0%| F|  |TAMS 0x000000070c400000| PB 0x000000070c400000| Untracked |  0
|  89|0x000000070c600000, 0x000000070c600000, 0x000000070c800000|  0%| F|  |TAMS 0x000000070c600000| PB 0x000000070c600000| Untracked |  0
|  90|0x000000070c800000, 0x000000070c800000, 0x000000070ca00000|  0%| F|  |TAMS 0x000000070c800000| PB 0x000000070c800000| Untracked |  0
|  91|0x000000070ca00000, 0x000000070ca00000, 0x000000070cc00000|  0%| F|  |TAMS 0x000000070ca00000| PB 0x000000070ca00000| Untracked |  0
|  92|0x000000070cc00000, 0x000000070cc00000, 0x000000070ce00000|  0%| F|  |TAMS 0x000000070cc00000| PB 0x000000070cc00000| Untracked |  0
|  93|0x000000070ce00000, 0x000000070ce00000, 0x000000070d000000|  0%| F|  |TAMS 0x000000070ce00000| PB 0x000000070ce00000| Untracked |  0
|  94|0x000000070d000000, 0x000000070d000000, 0x000000070d200000|  0%| F|  |TAMS 0x000000070d000000| PB 0x000000070d000000| Untracked |  0
|  95|0x000000070d200000, 0x000000070d200000, 0x000000070d400000|  0%| F|  |TAMS 0x000000070d200000| PB 0x000000070d200000| Untracked |  0
|  96|0x000000070d400000, 0x000000070d400000, 0x000000070d600000|  0%| F|  |TAMS 0x000000070d400000| PB 0x000000070d400000| Untracked |  0
|  97|0x000000070d600000, 0x000000070d600000, 0x000000070d800000|  0%| F|  |TAMS 0x000000070d600000| PB 0x000000070d600000| Untracked |  0
|  98|0x000000070d800000, 0x000000070d800000, 0x000000070da00000|  0%| F|  |TAMS 0x000000070d800000| PB 0x000000070d800000| Untracked |  0
|  99|0x000000070da00000, 0x000000070da00000, 0x000000070dc00000|  0%| F|  |TAMS 0x000000070da00000| PB 0x000000070da00000| Untracked |  0
| 100|0x000000070dc00000, 0x000000070dc00000, 0x000000070de00000|  0%| F|  |TAMS 0x000000070dc00000| PB 0x000000070dc00000| Untracked |  0
| 101|0x000000070de00000, 0x000000070de00000, 0x000000070e000000|  0%| F|  |TAMS 0x000000070de00000| PB 0x000000070de00000| Untracked |  0
| 102|0x000000070e000000, 0x000000070e000000, 0x000000070e200000|  0%| F|  |TAMS 0x000000070e000000| PB 0x000000070e000000| Untracked |  0
| 103|0x000000070e200000, 0x000000070e200000, 0x000000070e400000|  0%| F|  |TAMS 0x000000070e200000| PB 0x000000070e200000| Untracked |  0
| 104|0x000000070e400000, 0x000000070e400000, 0x000000070e600000|  0%| F|  |TAMS 0x000000070e400000| PB 0x000000070e400000| Untracked |  0
| 105|0x000000070e600000, 0x000000070e600000, 0x000000070e800000|  0%| F|  |TAMS 0x000000070e600000| PB 0x000000070e600000| Untracked |  0
| 106|0x000000070e800000, 0x000000070e800000, 0x000000070ea00000|  0%| F|  |TAMS 0x000000070e800000| PB 0x000000070e800000| Untracked |  0
| 107|0x000000070ea00000, 0x000000070ea00000, 0x000000070ec00000|  0%| F|  |TAMS 0x000000070ea00000| PB 0x000000070ea00000| Untracked |  0
| 108|0x000000070ec00000, 0x000000070ec00000, 0x000000070ee00000|  0%| F|  |TAMS 0x000000070ec00000| PB 0x000000070ec00000| Untracked |  0
| 109|0x000000070ee00000, 0x000000070ee00000, 0x000000070f000000|  0%| F|  |TAMS 0x000000070ee00000| PB 0x000000070ee00000| Untracked |  0
| 110|0x000000070f000000, 0x000000070f000000, 0x000000070f200000|  0%| F|  |TAMS 0x000000070f000000| PB 0x000000070f000000| Untracked |  0
| 111|0x000000070f200000, 0x000000070f200000, 0x000000070f400000|  0%| F|  |TAMS 0x000000070f200000| PB 0x000000070f200000| Untracked |  0
| 112|0x000000070f400000, 0x000000070f4f5c48, 0x000000070f600000| 48%| E|  |TAMS 0x000000070f400000| PB 0x000000070f400000| Complete |  0
| 113|0x000000070f600000, 0x000000070f800000, 0x000000070f800000|100%| E|CS|TAMS 0x000000070f600000| PB 0x000000070f600000| Complete |  0
| 114|0x000000070f800000, 0x000000070fa00000, 0x000000070fa00000|100%| E|CS|TAMS 0x000000070f800000| PB 0x000000070f800000| Complete |  0
| 115|0x000000070fa00000, 0x000000070fc00000, 0x000000070fc00000|100%| E|CS|TAMS 0x000000070fa00000| PB 0x000000070fa00000| Complete |  0
| 116|0x000000070fc00000, 0x000000070fe00000, 0x000000070fe00000|100%| E|CS|TAMS 0x000000070fc00000| PB 0x000000070fc00000| Complete |  0
| 117|0x000000070fe00000, 0x0000000710000000, 0x0000000710000000|100%| E|CS|TAMS 0x000000070fe00000| PB 0x000000070fe00000| Complete |  0
| 118|0x0000000710000000, 0x0000000710200000, 0x0000000710200000|100%| E|CS|TAMS 0x0000000710000000| PB 0x0000000710000000| Complete |  0
| 119|0x0000000710200000, 0x0000000710400000, 0x0000000710400000|100%| E|CS|TAMS 0x0000000710200000| PB 0x0000000710200000| Complete |  0
| 120|0x0000000710400000, 0x0000000710600000, 0x0000000710600000|100%| E|CS|TAMS 0x0000000710400000| PB 0x0000000710400000| Complete |  0
| 121|0x0000000710600000, 0x0000000710800000, 0x0000000710800000|100%| E|CS|TAMS 0x0000000710600000| PB 0x0000000710600000| Complete |  0
| 122|0x0000000710800000, 0x0000000710a00000, 0x0000000710a00000|100%| E|CS|TAMS 0x0000000710800000| PB 0x0000000710800000| Complete |  0
| 123|0x0000000710a00000, 0x0000000710c00000, 0x0000000710c00000|100%| E|CS|TAMS 0x0000000710a00000| PB 0x0000000710a00000| Complete |  0
| 124|0x0000000710c00000, 0x0000000710e00000, 0x0000000710e00000|100%| E|CS|TAMS 0x0000000710c00000| PB 0x0000000710c00000| Complete |  0
| 125|0x0000000710e00000, 0x0000000711000000, 0x0000000711000000|100%| E|CS|TAMS 0x0000000710e00000| PB 0x0000000710e00000| Complete |  0
| 126|0x0000000711000000, 0x0000000711200000, 0x0000000711200000|100%| E|CS|TAMS 0x0000000711000000| PB 0x0000000711000000| Complete |  0
| 127|0x0000000711200000, 0x0000000711400000, 0x0000000711400000|100%| E|CS|TAMS 0x0000000711200000| PB 0x0000000711200000| Complete |  0
|2037|0x00000007ffe00000, 0x00000007fff1c348, 0x0000000800000000| 55%| O|  |TAMS 0x00000007ffe00000| PB 0x00000007ffe00000| Untracked |  0

Card table byte_map: [0x00000250dc860000,0x00000250dd060000] _byte_map_base: 0x00000250d9056000

Marking Bits: (CMBitMap*) 0x00000250c3e93170
 Bits: [0x00000250dd060000, 0x00000250e1010000)

Polling page: 0x00000250c35f0000

Metaspace:

Usage:
  Non-class:      6.94 MB used.
      Class:    713.51 KB used.
       Both:      7.64 MB used.

Virtual space:
  Non-class space:       64.00 MB reserved,       7.06 MB ( 11%) committed,  1 nodes.
      Class space:        1.00 GB reserved,     832.00 KB ( <1%) committed,  1 nodes.
             Both:        1.06 GB reserved,       7.88 MB ( <1%) committed. 

Chunk freelists:
   Non-Class:  8.97 MB
       Class:  15.20 MB
        Both:  24.17 MB

MaxMetaspaceSize: unlimited
CompressedClassSpaceSize: 1.00 GB
Initial GC threshold: 21.00 MB
Current GC threshold: 21.00 MB
CDS: on
 - commit_granule_bytes: 65536.
 - commit_granule_words: 8192.
 - virtual_space_node_default_size: 8388608.
 - enlarge_chunks_in_place: 1.
UseCompressedClassPointers 1, UseCompactObjectHeaders 0
Narrow klass pointer bits 32, Max shift 3
Narrow klass base: 0x00000250e5000000, Narrow klass shift: 0
Encoding Range: [0x00000250e5000000 - 0x00000251e5000000), (4294967296 bytes)
Klass Range:    [0x00000250e5000000 - 0x0000025126000000), (1090519040 bytes)
Klass ID Range:  [8 - 1090519033) (1090519025)


Internal statistics:

num_allocs_failed_limit: 0.
num_arena_births: 186.
num_arena_deaths: 0.
num_vsnodes_births: 2.
num_vsnodes_deaths: 0.
num_space_committed: 126.
num_space_uncommitted: 0.
num_chunks_returned_to_freelist: 0.
num_chunks_taken_from_freelist: 255.
num_chunk_merges: 0.
num_chunk_splits: 142.
num_chunks_enlarged: 41.
num_inconsistent_stats: 0.

CodeHeap 'non-profiled nmethods': size=119232Kb used=668Kb max_used=668Kb free=118563Kb
 bounds [0x00000250d4260000, 0x00000250d44d0000, 0x00000250db6d0000]
CodeHeap 'profiled nmethods': size=119104Kb used=3242Kb max_used=3242Kb free=115861Kb
 bounds [0x00000250cc6d0000, 0x00000250cca00000, 0x00000250d3b20000]
CodeHeap 'non-nmethods': size=7424Kb used=2456Kb max_used=2601Kb free=4967Kb
 bounds [0x00000250d3b20000, 0x00000250d3dc0000, 0x00000250d4260000]
CodeCache: size=245760Kb, used=6366Kb, max_used=6511Kb, free=239391Kb
 total_blobs=2672, nmethods=2174, adapters=401, full_count=0
Compilation: enabled, stopped_count=0, restarted_count=0

Compilation events (20 events):
Event: 27.541 Thread 0x00000250e40d0090 2167       3       jdk.jfr.internal.SettingsManager$InternalSetting::getValues (35 bytes)
Event: 27.541 Thread 0x00000250e43715d0 nmethod 2165 0x00000250d42f9708 code [0x00000250d42f9800, 0x00000250d42f98c8]
Event: 27.541 Thread 0x00000250e43715d0 2168       3       jdk.jfr.internal.Control::apply (10 bytes)
Event: 27.541 Thread 0x00000250e43715d0 nmethod 2168 0x00000250cc9f6b88 code [0x00000250cc9f6cc0, 0x00000250cc9f6ec8]
Event: 27.541 Thread 0x00000250e40d0090 nmethod 2167 0x00000250cc9f6f08 code [0x00000250cc9f7060, 0x00000250cc9f7528]
Event: 27.541 Thread 0x00000250e43715d0 2169       3       jdk.jfr.internal.Control::findCombine (121 bytes)
Event: 27.542 Thread 0x00000250e43706b0 nmethod 2166 0x00000250cc9f7588 code [0x00000250cc9f7820, 0x00000250cc9f8c78]
Event: 27.542 Thread 0x00000250e43715d0 nmethod 2169 0x00000250cc9f8d08 code [0x00000250cc9f8f20, 0x00000250cc9f9f08]
Event: 27.543 Thread 0x00000250e4370e40 nmethod 2122 0x00000250d42f9a08 code [0x00000250d42f9c60, 0x00000250d42fa8b0]
Event: 27.545 Thread 0x00000250e43706b0 2170       1       jdk.jfr.internal.periodic.EventTask::getEventType (5 bytes)
Event: 27.545 Thread 0x00000250e43706b0 nmethod 2170 0x00000250d42fa988 code [0x00000250d42faa80, 0x00000250d42fab48]
Event: 27.545 Thread 0x00000250e43715d0 2171       1       jdk.jfr.internal.periodic.PeriodicTask::getPeriod (5 bytes)
Event: 27.545 Thread 0x00000250e40d0090 2172       3       java.util.Comparator$$Lambda/0x00000250e609f8e0::compare (10 bytes)
Event: 27.545 Thread 0x00000250e43706b0 2173       3       java.util.Comparator::lambda$comparingLong$6043328a$1 (18 bytes)
Event: 27.545 Thread 0x00000250e43715d0 nmethod 2171 0x00000250d42fac88 code [0x00000250d42fad80, 0x00000250d42fae48]
Event: 27.545 Thread 0x00000250e43715d0 2174       1       jdk.internal.classfile.impl.DirectClassBuilder::setInterfaces (6 bytes)
Event: 27.545 Thread 0x00000250e40d0090 nmethod 2172 0x00000250cc9f9f88 code [0x00000250cc9fa0e0, 0x00000250cc9fa558]
Event: 27.545 Thread 0x00000250e43706b0 nmethod 2173 0x00000250cc9fa588 code [0x00000250cc9fa6e0, 0x00000250cc9faac0]
Event: 27.545 Thread 0x00000250e43715d0 nmethod 2174 0x00000250d42faf88 code [0x00000250d42fb0a0, 0x00000250d42fb1b8]
Event: 27.548 Thread 0x00000250e4371d60 nmethod 2152 0x00000250d42fb288 code [0x00000250d42fb3a0, 0x00000250d42fb970]

GC Heap History (0 events):
No events

Dll operation events (12 events):
Event: 0.010 Loaded shared library C:\Users\User\.jdks\openjdk-24\bin\java.dll
Event: 0.039 Loaded shared library C:\Users\User\.jdks\openjdk-24\bin\jsvml.dll
Event: 0.078 Loaded shared library C:\Users\User\.jdks\openjdk-24\bin\zip.dll
Event: 0.080 Loaded shared library C:\Users\User\.jdks\openjdk-24\bin\instrument.dll
Event: 0.085 Loaded shared library C:\Users\User\.jdks\openjdk-24\bin\net.dll
Event: 0.087 Loaded shared library C:\Users\User\.jdks\openjdk-24\bin\nio.dll
Event: 0.092 Loaded shared library C:\Users\User\.jdks\openjdk-24\bin\zip.dll
Event: 0.110 Loaded shared library C:\Users\User\.jdks\openjdk-24\bin\jimage.dll
Event: 0.112 Loaded shared library C:\Users\User\.jdks\openjdk-24\bin\extnet.dll
Event: 0.150 Loaded shared library C:\Users\User\.jdks\openjdk-24\bin\management.dll
Event: 0.160 Loaded shared library C:\Users\User\.jdks\openjdk-24\bin\management_ext.dll
Event: 27.319 Loaded shared library C:\Users\User\AppData\Local\Temp\idea_libasyncProfiler_dll_temp_folder5\libasyncProfiler.dll

Deoptimization events (20 events):
Event: 27.378 Thread 0x00000250e4082dc0 Uncommon trap: trap_request=0xffffffd6 fr.pc=0x00000250d42c757c relative=0x000000000000061c
Event: 27.378 Thread 0x00000250e4082dc0 Uncommon trap: reason=array_check action=maybe_recompile pc=0x00000250d42c757c method=jdk.internal.classfile.impl.SplitConstantPool.internalAdd(Ljava/lang/classfile/constantpool/PoolEntry;I)Ljava/lang/classfile/constantpool/PoolEntry; @ 46 c2
Event: 27.378 Thread 0x00000250e4082dc0 DEOPT PACKING pc=0x00000250d42c757c sp=0x000000774a3fbc00
Event: 27.378 Thread 0x00000250e4082dc0 DEOPT UNPACKING pc=0x00000250d3c36782 sp=0x000000774a3fbb90 mode 2
Event: 27.466 Thread 0x00000250e4082dc0 Uncommon trap: trap_request=0xffffff4d fr.pc=0x00000250d42e6a3c relative=0x000000000000027c
Event: 27.466 Thread 0x00000250e4082dc0 Uncommon trap: reason=unstable_if action=reinterpret pc=0x00000250d42e6a3c method=java.util.concurrent.ConcurrentHashMap.get(Ljava/lang/Object;)Ljava/lang/Object; @ 76 c2
Event: 27.466 Thread 0x00000250e4082dc0 DEOPT PACKING pc=0x00000250d42e6a3c sp=0x000000774a3fde10
Event: 27.466 Thread 0x00000250e4082dc0 DEOPT UNPACKING pc=0x00000250d3c36782 sp=0x000000774a3fdd88 mode 2
Event: 27.474 Thread 0x00000250e4082dc0 Uncommon trap: trap_request=0xffffffcc fr.pc=0x00000250d42e966c relative=0x00000000000003ac
Event: 27.474 Thread 0x00000250e4082dc0 Uncommon trap: reason=intrinsic_or_type_checked_inlining action=make_not_entrant pc=0x00000250d42e966c method=java.util.Arrays.copyOf([Ljava/lang/Object;ILjava/lang/Class;)[Ljava/lang/Object; @ 35 c2
Event: 27.474 Thread 0x00000250e4082dc0 DEOPT PACKING pc=0x00000250d42e966c sp=0x000000774a3fdf60
Event: 27.474 Thread 0x00000250e4082dc0 DEOPT UNPACKING pc=0x00000250d3c36782 sp=0x000000774a3fdf08 mode 2
Event: 27.528 Thread 0x00000250e4082dc0 Uncommon trap: trap_request=0xffffff4d fr.pc=0x00000250d42f3a2c relative=0x000000000000020c
Event: 27.528 Thread 0x00000250e4082dc0 Uncommon trap: reason=unstable_if action=reinterpret pc=0x00000250d42f3a2c method=java.io.ByteArrayOutputStream.ensureCapacity(I)V @ 11 c2
Event: 27.528 Thread 0x00000250e4082dc0 DEOPT PACKING pc=0x00000250d42f3a2c sp=0x000000774a3fe310
Event: 27.528 Thread 0x00000250e4082dc0 DEOPT UNPACKING pc=0x00000250d3c36782 sp=0x000000774a3fe248 mode 2
Event: 27.531 Thread 0x00000250e4082dc0 Uncommon trap: trap_request=0xffffff4d fr.pc=0x00000250d42f3ff0 relative=0x00000000000003d0
Event: 27.531 Thread 0x00000250e4082dc0 Uncommon trap: reason=unstable_if action=reinterpret pc=0x00000250d42f3ff0 method=java.io.ByteArrayOutputStream.ensureCapacity(I)V @ 11 c2
Event: 27.531 Thread 0x00000250e4082dc0 DEOPT PACKING pc=0x00000250d42f3ff0 sp=0x000000774a3fe1e0
Event: 27.532 Thread 0x00000250e4082dc0 DEOPT UNPACKING pc=0x00000250d3c36782 sp=0x000000774a3fe0c0 mode 2

Classes loaded (20 events):
Event: 27.513 Loading class jdk/jfr/internal/MetadataWriter
Event: 27.513 Loading class jdk/jfr/internal/MetadataWriter done
Event: 27.513 Loading class jdk/jfr/internal/MetadataDescriptor$Element
Event: 27.513 Loading class jdk/jfr/internal/MetadataDescriptor$Element done
Event: 27.514 Loading class jdk/jfr/internal/MetadataDescriptor$Attribute
Event: 27.514 Loading class jdk/jfr/internal/MetadataDescriptor$Attribute done
Event: 27.523 Loading class jdk/jfr/internal/consumer/StringParser$Encoding
Event: 27.523 Loading class jdk/jfr/internal/consumer/StringParser$Encoding done
Event: 27.535 Loading class jdk/jfr/internal/consumer/RepositoryFiles
Event: 27.535 Loading class jdk/jfr/internal/consumer/RepositoryFiles done
Event: 27.537 Loading class jdk/jfr/internal/SettingsManager$InternalSetting
Event: 27.537 Loading class jdk/jfr/internal/SettingsManager$InternalSetting done
Event: 27.539 Loading class jdk/jfr/internal/util/Rate
Event: 27.539 Loading class jdk/jfr/internal/util/Rate done
Event: 27.539 Loading class jdk/jfr/internal/util/TimespanUnit
Event: 27.539 Loading class jdk/jfr/internal/util/TimespanUnit done
Event: 27.539 Loading class jdk/jfr/internal/util/ValueParser
Event: 27.540 Loading class jdk/jfr/internal/util/ValueParser done
Event: 27.542 Loading class jdk/jfr/internal/periodic/PeriodicType
Event: 27.542 Loading class jdk/jfr/internal/periodic/PeriodicType done

Classes unloaded (0 events):
No events

Classes redefined (0 events):
No events

Internal exceptions (20 events):
Event: 0.449 Thread 0x00000250e4083c60 Exception <a 'java/lang/NoSuchMethodError'{0x00000007105e8c08}: 'java.lang.Object java.lang.invoke.DirectMethodHandle$Holder.invokeStatic(java.lang.Object, java.lang.Object, java.lang.Object, java.lang.Object, java.lang.Object, java.lang.Object, java.lang.Object, java.lang.Object)'> (0x00000007105e8c08) 
thrown [s\open\src\hotspot\share\interpreter\linkResolver.cpp, line 805]
Event: 0.452 Thread 0x00000250e4083c60 Exception <a 'java/lang/NoSuchMethodError'{0x0000000710317db8}: 'java.lang.Object java.lang.invoke.DirectMethodHandle$Holder.invokeStatic(java.lang.Object, java.lang.Object, java.lang.Object, java.lang.Object, java.lang.Object, java.lang.Object, java.lang.Object, java.lang.Object, java.lang.Object)'> (0x0000000710317db8) 
thrown [s\open\src\hotspot\share\interpreter\linkResolver.cpp, line 805]
Event: 0.454 Thread 0x00000250e4083c60 Exception <a 'java/lang/NoSuchMethodError'{0x000000071032b268}: 'java.lang.Object java.lang.invoke.Invokers$Holder.invokeExact_MT(java.lang.Object, java.lang.Object, java.lang.Object, java.lang.Object, java.lang.Object, java.lang.Object)'> (0x000000071032b268) 
thrown [s\open\src\hotspot\share\interpreter\linkResolver.cpp, line 805]
Event: 0.456 Thread 0x00000250e4083c60 Exception <a 'java/lang/NoSuchMethodError'{0x0000000710336fa8}: 'java.lang.Object java.lang.invoke.DirectMethodHandle$Holder.invokeInterface(java.lang.Object, java.lang.Object, java.lang.Object, java.lang.Object, java.lang.Object)'> (0x0000000710336fa8) 
thrown [s\open\src\hotspot\share\interpreter\linkResolver.cpp, line 805]
Event: 0.461 Thread 0x00000250e4083c60 Exception <a 'java/lang/NoSuchMethodError'{0x0000000710381be0}: 'double java.lang.invoke.DirectMethodHandle$Holder.invokeInterface(java.lang.Object, java.lang.Object)'> (0x0000000710381be0) 
thrown [s\open\src\hotspot\share\interpreter\linkResolver.cpp, line 805]
Event: 0.462 Thread 0x00000250e4083c60 Exception <a 'java/lang/NoSuchMethodError'{0x0000000710392850}: 'double java.lang.invoke.DelegatingMethodHandle$Holder.reinvoke_L(java.lang.Object, java.lang.Object)'> (0x0000000710392850) 
thrown [s\open\src\hotspot\share\interpreter\linkResolver.cpp, line 805]
Event: 0.772 Thread 0x00000250e4083c60 Exception <a 'java/lang/NoSuchMethodError'{0x00000007103ba480}: 'long java.lang.invoke.DirectMethodHandle$Holder.invokeVirtual(java.lang.Object, java.lang.Object)'> (0x00000007103ba480) 
thrown [s\open\src\hotspot\share\interpreter\linkResolver.cpp, line 805]
Event: 0.772 Thread 0x00000250e4083c60 Exception <a 'java/lang/NoSuchMethodError'{0x00000007103c2770}: 'java.lang.Object java.lang.invoke.DirectMethodHandle$Holder.invokeStatic(java.lang.Object, long)'> (0x00000007103c2770) 
thrown [s\open\src\hotspot\share\interpreter\linkResolver.cpp, line 805]
Event: 0.773 Thread 0x00000250e4083c60 Exception <a 'java/lang/NoSuchMethodError'{0x00000007103d2818}: 'long java.lang.invoke.DelegatingMethodHandle$Holder.reinvoke_L(java.lang.Object, java.lang.Object)'> (0x00000007103d2818) 
thrown [s\open\src\hotspot\share\interpreter\linkResolver.cpp, line 805]
Event: 27.351 Thread 0x00000250e4082dc0 Implicit null exception at 0x00000250d4295559 to 0x00000250d42961e4
Event: 27.364 Thread 0x00000250e4082dc0 Exception <a 'java/lang/NoSuchMethodError'{0x00000007101218c0}: 'void java.lang.invoke.DirectMethodHandle$Holder.invokeStaticInit(java.lang.Object)'> (0x00000007101218c0) 
thrown [s\open\src\hotspot\share\interpreter\linkResolver.cpp, line 805]
Event: 27.372 Thread 0x00000250e4082dc0 Exception <a 'java/lang/NoSuchMethodError'{0x00000007101800e8}: 'java.lang.Object java.lang.invoke.DirectMethodHandle$Holder.newInvokeSpecial(java.lang.Object, java.lang.Object, java.lang.Object, java.lang.Object, java.lang.Object)'> (0x00000007101800e8) 
thrown [s\open\src\hotspot\share\interpreter\linkResolver.cpp, line 805]
Event: 27.412 Thread 0x00000250e4082dc0 Exception <a 'java/lang/NoSuchMethodError'{0x000000070fc22628}: 'int java.lang.invoke.DirectMethodHandle$Holder.invokeStatic(java.lang.Object, java.lang.Object, java.lang.Object, java.lang.Object)'> (0x000000070fc22628) 
thrown [s\open\src\hotspot\share\interpreter\linkResolver.cpp, line 805]
Event: 27.498 Thread 0x00000250e4082dc0 Exception <a 'java/lang/NoSuchMethodError'{0x000000070f81d9c8}: 'void java.lang.invoke.DirectMethodHandle$Holder.invokeSpecial(java.lang.Object, java.lang.Object, int)'> (0x000000070f81d9c8) 
thrown [s\open\src\hotspot\share\interpreter\linkResolver.cpp, line 805]
Event: 27.498 Thread 0x00000250e4082dc0 Exception <a 'java/lang/NoSuchMethodError'{0x000000070f8255e8}: 'void java.lang.invoke.Invokers$Holder.invokeExact_MT(java.lang.Object, int, java.lang.Object)'> (0x000000070f8255e8) 
thrown [s\open\src\hotspot\share\interpreter\linkResolver.cpp, line 805]
Event: 27.500 Thread 0x00000250e4082dc0 Exception <a 'java/lang/NoSuchMethodError'{0x000000070f83fe48}: 'void java.lang.invoke.DirectMethodHandle$Holder.invokeStatic(java.lang.Object, java.lang.Object, int)'> (0x000000070f83fe48) 
thrown [s\open\src\hotspot\share\interpreter\linkResolver.cpp, line 805]
Event: 27.500 Thread 0x00000250e4082dc0 Exception <a 'java/lang/NoSuchMethodError'{0x000000070f84ed50}: 'java.lang.Object java.lang.invoke.DirectMethodHandle$Holder.newInvokeSpecial(java.lang.Object, java.lang.Object, int)'> (0x000000070f84ed50) 
thrown [s\open\src\hotspot\share\interpreter\linkResolver.cpp, line 805]
Event: 27.504 Thread 0x00000250e4082dc0 Exception <a 'sun/nio/fs/WindowsException'{0x000000070f882ef0}> (0x000000070f882ef0) 
thrown [s\open\src\hotspot\share\prims\jni.cpp, line 518]
Event: 27.506 Thread 0x00000250e4082dc0 Exception <a 'sun/nio/fs/WindowsException'{0x000000070f88fcf8}> (0x000000070f88fcf8) 
thrown [s\open\src\hotspot\share\prims\jni.cpp, line 518]
Event: 27.510 Thread 0x00000250e4082dc0 Exception <a 'sun/nio/fs/WindowsException'{0x000000070f8a1a98}> (0x000000070f8a1a98) 
thrown [s\open\src\hotspot\share\prims\jni.cpp, line 518]

VM Operations (14 events):
Event: 0.064 Executing VM operation: HandshakeAllThreads (Deoptimize)
Event: 0.065 Executing VM operation: HandshakeAllThreads (Deoptimize) done
Event: 0.118 Executing VM operation: HandshakeAllThreads (Deoptimize)
Event: 0.118 Executing VM operation: HandshakeAllThreads (Deoptimize) done
Event: 0.340 Executing VM operation: HandshakeAllThreads (Deoptimize)
Event: 0.340 Executing VM operation: HandshakeAllThreads (Deoptimize) done
Event: 0.396 Executing VM operation: HandshakeAllThreads (Deoptimize)
Event: 0.396 Executing VM operation: HandshakeAllThreads (Deoptimize) done
Event: 0.434 Executing VM operation: HandshakeAllThreads (Deoptimize)
Event: 0.434 Executing VM operation: HandshakeAllThreads (Deoptimize) done
Event: 27.501 Executing VM operation: HandshakeAllThreads (Deoptimize)
Event: 27.501 Executing VM operation: HandshakeAllThreads (Deoptimize) done
Event: 27.535 Executing VM operation: JFRSafepointClear
Event: 27.535 Executing VM operation: JFRSafepointClear done

Memory protections (0 events):
No events

Nmethod flushes (0 events):
No events

Events (20 events):
Event: 0.403 Thread 0x00000250e4082dc0 Thread added: 0x00000250e4082670
Event: 0.415 Thread 0x00000250e4082670 Thread added: 0x00000250e4083c60
Event: 0.428 Thread 0x00000250e4083c60 Thread added: 0x000002512a5afd40
Event: 0.433 Thread 0x00000250e4083c60 Thread added: 0x000002512a5ad160
Event: 0.771 Thread 0x000002512a559e50 Thread exited: 0x000002512a559e50
Event: 0.771 Thread 0x000002512a55b5f0 Thread exited: 0x000002512a55b5f0
Event: 0.773 Thread 0x00000250e4303d30 Thread exited: 0x00000250e4303d30
Event: 0.773 Thread 0x00000250e41d8610 Thread exited: 0x00000250e41d8610
Event: 5.156 Thread 0x00000250e41b53b0 Thread exited: 0x00000250e41b53b0
Event: 5.156 Thread 0x00000250e41a9b60 Thread exited: 0x00000250e41a9b60
Event: 5.288 Thread 0x00000250e40d0090 Thread added: 0x000002512a5cd6c0
Event: 7.547 Thread 0x000002512a5cd6c0 Thread exited: 0x000002512a5cd6c0
Event: 27.332 Thread 0x00000250e40d0090 Thread added: 0x00000250e436e870
Event: 27.361 Thread 0x00000250e4082dc0 Thread added: 0x000002512a5ac2c0
Event: 27.377 Thread 0x00000250e40d0090 Thread added: 0x00000250e43715d0
Event: 27.377 Thread 0x00000250e40d0090 Thread added: 0x00000250e43706b0
Event: 27.422 Thread 0x00000250e40d0090 Thread added: 0x00000250e4371d60
Event: 27.422 Thread 0x00000250e40d0090 Thread added: 0x00000250e4370e40
Event: 27.423 Thread 0x00000250e43715d0 Thread added: 0x00000250e436f000
Event: 27.501 Thread 0x00000250e4082dc0 Thread added: 0x000002512a5ae000


Dynamic libraries:
0x00007ff6cd200000 - 0x00007ff6cd20e000 	C:\Users\User\.jdks\openjdk-24\bin\java.exe
0x00007ffcfed90000 - 0x00007ffcfefa7000 	C:\Windows\SYSTEM32\ntdll.dll
0x00007ffcfcec0000 - 0x00007ffcfcf84000 	C:\Windows\System32\KERNEL32.DLL
0x00007ffcfc370000 - 0x00007ffcfc743000 	C:\Windows\System32\KERNELBASE.dll
0x00007ffcfc0e0000 - 0x00007ffcfc1f1000 	C:\Windows\System32\ucrtbase.dll
0x00007ffcf7430000 - 0x00007ffcf744b000 	C:\Users\User\.jdks\openjdk-24\bin\VCRUNTIME140.dll
0x00007ffcf7410000 - 0x00007ffcf7426000 	C:\Users\User\.jdks\openjdk-24\bin\jli.dll
0x00007ffcfcfc0000 - 0x00007ffcfd171000 	C:\Windows\System32\USER32.dll
0x00007ffce9020000 - 0x00007ffce92bb000 	C:\Windows\WinSxS\amd64_microsoft.windows.common-controls_6595b64144ccf1df_6.0.22621.5262_none_2712bde373830908\COMCTL32.dll
0x00007ffcfbef0000 - 0x00007ffcfbf16000 	C:\Windows\System32\win32u.dll
0x00007ffcfcd90000 - 0x00007ffcfce37000 	C:\Windows\System32\msvcrt.dll
0x00007ffcfcf90000 - 0x00007ffcfcfb9000 	C:\Windows\System32\GDI32.dll
0x00007ffcfc750000 - 0x00007ffcfc872000 	C:\Windows\System32\gdi32full.dll
0x00007ffcfbe50000 - 0x00007ffcfbeea000 	C:\Windows\System32\msvcp_win.dll
0x00007ffcfd180000 - 0x00007ffcfd1b1000 	C:\Windows\System32\IMM32.DLL
0x00007ffcf81a0000 - 0x00007ffcf81ac000 	C:\Users\User\.jdks\openjdk-24\bin\vcruntime140_1.dll
0x00007ffcf7380000 - 0x00007ffcf740e000 	C:\Users\User\.jdks\openjdk-24\bin\msvcp140.dll
0x00007ffc81c40000 - 0x00007ffc829e2000 	C:\Users\User\.jdks\openjdk-24\bin\server\jvm.dll
0x00007ffcfd3a0000 - 0x00007ffcfd451000 	C:\Windows\System32\ADVAPI32.dll
0x00007ffcfd970000 - 0x00007ffcfda17000 	C:\Windows\System32\sechost.dll
0x00007ffcfc2c0000 - 0x00007ffcfc2e8000 	C:\Windows\System32\bcrypt.dll
0x00007ffcfeaf0000 - 0x00007ffcfec04000 	C:\Windows\System32\RPCRT4.dll
0x00007ffcfda30000 - 0x00007ffcfdaa1000 	C:\Windows\System32\WS2_32.dll
0x00007ffcfb4d0000 - 0x00007ffcfb51d000 	C:\Windows\SYSTEM32\POWRPROF.dll
0x00007ffcf1830000 - 0x00007ffcf1864000 	C:\Windows\SYSTEM32\WINMM.dll
0x00007ffcf53c0000 - 0x00007ffcf53ca000 	C:\Windows\SYSTEM32\VERSION.dll
0x00007ffcfb480000 - 0x00007ffcfb493000 	C:\Windows\SYSTEM32\UMPDC.dll
0x00007ffcfae90000 - 0x00007ffcfaea8000 	C:\Windows\SYSTEM32\kernel.appcore.dll
0x00007ffcf7370000 - 0x00007ffcf737a000 	C:\Users\User\.jdks\openjdk-24\bin\jimage.dll
0x00007ffcf0b30000 - 0x00007ffcf0d62000 	C:\Windows\SYSTEM32\DBGHELP.DLL
0x00007ffcfd5d0000 - 0x00007ffcfd963000 	C:\Windows\System32\combase.dll
0x00007ffcfea10000 - 0x00007ffcfeae7000 	C:\Windows\System32\OLEAUT32.dll
0x00007ffcec310000 - 0x00007ffcec342000 	C:\Windows\SYSTEM32\dbgcore.DLL
0x00007ffcfc060000 - 0x00007ffcfc0db000 	C:\Windows\System32\bcryptPrimitives.dll
0x00007ffcf7340000 - 0x00007ffcf734f000 	C:\Users\User\.jdks\openjdk-24\bin\instrument.dll
0x00007ffcf7350000 - 0x00007ffcf736e000 	C:\Users\User\.jdks\openjdk-24\bin\java.dll
0x00007ffcfdab0000 - 0x00007ffcfdc51000 	C:\Windows\System32\ole32.dll
0x00007ffcfe170000 - 0x00007ffcfea0d000 	C:\Windows\System32\SHELL32.dll
0x00007ffcfbf20000 - 0x00007ffcfc05f000 	C:\Windows\System32\wintypes.dll
0x00007ffcf9d90000 - 0x00007ffcfa6ad000 	C:\Windows\SYSTEM32\windows.storage.dll
0x00007ffcfec10000 - 0x00007ffcfed1b000 	C:\Windows\System32\SHCORE.dll
0x00007ffcfd1c0000 - 0x00007ffcfd226000 	C:\Windows\System32\shlwapi.dll
0x00007ffcfbd80000 - 0x00007ffcfbdab000 	C:\Windows\SYSTEM32\profapi.dll
0x00007ffceca20000 - 0x00007ffcecaf7000 	C:\Users\User\.jdks\openjdk-24\bin\jsvml.dll
0x00007ffcf54b0000 - 0x00007ffcf54c7000 	C:\Users\User\.jdks\openjdk-24\bin\zip.dll
0x00007ffcf7330000 - 0x00007ffcf7340000 	C:\Users\User\.jdks\openjdk-24\bin\net.dll
0x00007ffcfb380000 - 0x00007ffcfb3ea000 	C:\Windows\system32\mswsock.dll
0x00007ffcf7310000 - 0x00007ffcf7326000 	C:\Users\User\.jdks\openjdk-24\bin\nio.dll
0x00007ffcf7300000 - 0x00007ffcf7309000 	C:\Users\User\.jdks\openjdk-24\bin\extnet.dll
0x00007ffcfa980000 - 0x00007ffcfaa78000 	C:\Windows\SYSTEM32\DNSAPI.dll
0x00007ffcfa910000 - 0x00007ffcfa93d000 	C:\Windows\SYSTEM32\IPHLPAPI.DLL
0x00007ffcfda20000 - 0x00007ffcfda29000 	C:\Windows\System32\NSI.dll
0x00007ffce9400000 - 0x00007ffce940a000 	C:\Windows\System32\rasadhlp.dll
0x00007ffcf5190000 - 0x00007ffcf5213000 	C:\Windows\System32\fwpuclnt.dll
0x00007ffcf54a0000 - 0x00007ffcf54aa000 	C:\Users\User\.jdks\openjdk-24\bin\management.dll
0x00007ffcecb10000 - 0x00007ffcecb1b000 	C:\Users\User\.jdks\openjdk-24\bin\management_ext.dll
0x00007ffcfcc20000 - 0x00007ffcfcc28000 	C:\Windows\System32\PSAPI.DLL
0x00007ffcfb660000 - 0x00007ffcfb67b000 	C:\Windows\SYSTEM32\CRYPTSP.dll
0x00007ffcfadf0000 - 0x00007ffcfae27000 	C:\Windows\system32\rsaenh.dll
0x00007ffcfb4a0000 - 0x00007ffcfb4c8000 	C:\Windows\SYSTEM32\USERENV.dll
0x00007ffcfb650000 - 0x00007ffcfb65c000 	C:\Windows\SYSTEM32\CRYPTBASE.dll
0x00007ffc96ec0000 - 0x00007ffc96ed7000 	C:\Windows\system32\napinsp.dll
0x00007ffc96ea0000 - 0x00007ffc96ebb000 	C:\Windows\system32\pnrpnsp.dll
0x00007ffc96fe0000 - 0x00007ffc96ff1000 	C:\Windows\System32\winrnr.dll
0x00007ffcf5cf0000 - 0x00007ffcf5d0f000 	C:\Windows\system32\wshbth.dll
0x00007ffca8fe0000 - 0x00007ffca9001000 	C:\Windows\system32\nlansp_c.dll
0x00007ffcec680000 - 0x00007ffcec88e000 	C:\Users\User\AppData\Local\Temp\idea_libasyncProfiler_dll_temp_folder5\libasyncProfiler.dll

dbghelp: loaded successfully - version: 4.0.5 - missing functions: none
symbol engine: initialized successfully - sym options: 0x614 - pdb path: .;C:\Users\User\.jdks\openjdk-24\bin;C:\Windows\SYSTEM32;C:\Windows\WinSxS\amd64_microsoft.windows.common-controls_6595b64144ccf1df_6.0.22621.5262_none_2712bde373830908;C:\Users\User\.jdks\openjdk-24\bin\server;C:\Users\User\AppData\Local\Temp\idea_libasyncProfiler_dll_temp_folder5

VM Arguments:
jvm_args: -javaagent:C:\Users\User\AppData\Local\JetBrains\IntelliJ IDEA 2024.3.5\lib\idea_rt.jar=51193 -Dfile.encoding=UTF-8 -Dsun.stdout.encoding=UTF-8 -Dsun.stderr.encoding=UTF-8 
java_command: GPT_Task.Massive20
java_class_path (initial): C:\Users\User\IdeaProjects\Task\out\production\Task
Launcher Type: SUN_STANDARD

[Global flags]
     intx CICompilerCount                          = 12                                        {product} {ergonomic}
     uint ConcGCThreads                            = 3                                         {product} {ergonomic}
     bool FlightRecorder                           = true                                      {product} {management}
     uint G1ConcRefinementThreads                  = 13                                        {product} {ergonomic}
   size_t G1HeapRegionSize                         = 2097152                                   {product} {ergonomic}
   size_t InitialHeapSize                          = 268435456                                 {product} {ergonomic}
   size_t MarkStackSize                            = 4194304                                   {product} {ergonomic}
   size_t MarkStackSizeMax                         = 536870912                                 {product} {ergonomic}
   size_t MaxHeapSize                              = 4273995776                                {product} {ergonomic}
   size_t MaxNewSize                               = 2562719744                                {product} {ergonomic}
   size_t MinHeapDeltaBytes                        = 2097152                                   {product} {ergonomic}
   size_t MinHeapSize                              = 8388608                                   {product} {ergonomic}
    uintx NonNMethodCodeHeapSize                   = 7602176                                {pd product} {ergonomic}
    uintx NonProfiledCodeHeapSize                  = 122093568                              {pd product} {ergonomic}
    uintx ProfiledCodeHeapSize                     = 121962496                              {pd product} {ergonomic}
    uintx ReservedCodeCacheSize                    = 251658240                              {pd product} {ergonomic}
     bool SegmentedCodeCache                       = true                                      {product} {ergonomic}
   size_t SoftMaxHeapSize                          = 4273995776                             {manageable} {ergonomic}
     bool UseCompressedOops                        = true                           {product lp64_product} {ergonomic}
     bool UseG1GC                                  = true                                      {product} {ergonomic}
     bool UseLargePagesIndividualAllocation        = false                                  {pd product} {ergonomic}

Logging:
Log output configuration:
 #0: stdout all=warning uptime,level,tags foldmultilines=false
 #1: stderr all=off uptime,level,tags foldmultilines=false

Environment Variables:
PATH=C:\Windows\system32;C:\Windows;C:\Windows\System32\Wbem;C:\Windows\System32\WindowsPowerShell\v1.0\;C:\Windows\System32\OpenSSH\;C:\Program Files (x86)\NVIDIA Corporation\PhysX\Common;C:\Users\User\AppData\Local\Microsoft\WindowsApps;
USERNAME=User
OS=Windows_NT
PROCESSOR_IDENTIFIER=AMD64 Family 23 Model 1 Stepping 1, AuthenticAMD
TMP=C:\Users\User\AppData\Local\Temp
TEMP=C:\Users\User\AppData\Local\Temp




Periodic native trim disabled

---------------  S Y S T E M  ---------------

OS:
 Windows 11 , 64 bit Build 22621 (10.0.22621.5262)
OS uptime: 0 days 1:50 hours

CPU: total 16 (initial active 16) (16 cores per cpu, 2 threads per core) family 23 model 1 stepping 1 microcode 0x0, cx8, cmov, fxsr, ht, mmx, 3dnowpref, sse, sse2, sse3, ssse3, sse4a, sse4.1, sse4.2, popcnt, lzcnt, tsc, tscinvbit, avx, avx2, aes, clmul, bmi1, bmi2, adx, sha, fma, vzeroupper, clflush, clflushopt, rdtscp, f16c
Processor Information for the first 16 processors :
  Max Mhz: 3000, Current Mhz: 3000, Mhz Limit: 3000

Memory: 4k page, system-wide physical 16296M (8363M free)
TotalPageFile size 20648M (AvailPageFile size 10457M)
current process WorkingSet (physical memory assigned to process): 103M, peak: 108M
current process commit charge ("private bytes"): 413M, peak: 427M

vm_info: OpenJDK 64-Bit Server VM (24+36-3646) for windows-amd64 JRE (24+36-3646), built on 2025-02-06T00:20:43Z with MS VC++ 17.6 (VS2022)

END.
